[debug] [2024-10-09T19:42:11.153Z] ----------------------------------------------------------------------
[debug] [2024-10-09T19:42:11.157Z] Command:       C:\Program Files\nodejs\node.exe C:\Users\ma791\AppData\Roaming\npm\node_modules\firebase-tools\lib\bin\firebase.js init
[debug] [2024-10-09T19:42:11.157Z] CLI Version:   13.22.0
[debug] [2024-10-09T19:42:11.157Z] Platform:      win32
[debug] [2024-10-09T19:42:11.158Z] Node Version:  v21.6.0
[debug] [2024-10-09T19:42:11.158Z] Time:          Thu Oct 10 2024 00:42:11 GMT+0500 (Pakistan Standard Time)
[debug] [2024-10-09T19:42:11.158Z] ----------------------------------------------------------------------
[debug] 
[debug] [2024-10-09T19:42:11.242Z] Object "" in "firebase.json" has unknown property: {"additionalProperty":"flutter"}
[debug] [2024-10-09T19:42:11.248Z] > command requires scopes: ["email","openid","https://www.googleapis.com/auth/cloudplatformprojects.readonly","https://www.googleapis.com/auth/firebase","https://www.googleapis.com/auth/cloud-platform"]
[debug] [2024-10-09T19:42:11.249Z] > authorizing via signed-in user (mrahmad9197@gmail.com)
[debug] [2024-10-09T19:42:11.250Z] Object "" in "firebase.json" has unknown property: {"additionalProperty":"flutter"}
[info] 
     ######## #### ########  ######## ########     ###     ######  ########
     ##        ##  ##     ## ##       ##     ##  ##   ##  ##       ##
     ######    ##  ########  ######   ########  #########  ######  ######
     ##        ##  ##    ##  ##       ##     ## ##     ##       ## ##
     ##       #### ##     ## ######## ########  ##     ##  ######  ########

You're about to initialize a Firebase project in this directory:

  C:\Users\ma791\StudioProjects\portfolio_web

Before we get started, keep in mind:

  * You are initializing within an existing Firebase project directory

[info] 
=== Project Setup
[info] 
[info] First, let's associate this project directory with a Firebase project.
[info] You can create multiple project aliases by running firebase use --add, 
[info] but for now we'll just set up a default project.
[info] 
[debug] [2024-10-09T19:42:31.870Z] Checked if tokens are valid: true, expires at: 1728506002228
[debug] [2024-10-09T19:42:31.870Z] Checked if tokens are valid: true, expires at: 1728506002228
[debug] [2024-10-09T19:42:31.872Z] >>> [apiv2][query] GET https://firebase.googleapis.com/v1beta1/projects pageSize=100
[debug] [2024-10-09T19:42:32.605Z] <<< [apiv2][status] GET https://firebase.googleapis.com/v1beta1/projects 200
[debug] [2024-10-09T19:42:32.605Z] <<< [apiv2][body] GET https://firebase.googleapis.com/v1beta1/projects [omitted]
[info] i  Using project ahmad-s-portfolio (ahmad's portfolio) 
[info] 
=== Hosting Setup
[debug] [2024-10-09T19:42:38.552Z] Checked if tokens are valid: true, expires at: 1728506002228
[debug] [2024-10-09T19:42:38.552Z] Checked if tokens are valid: true, expires at: 1728506002228
[debug] [2024-10-09T19:42:38.552Z] >>> [apiv2][query] GET https://firebase.googleapis.com/v1beta1/projects/ahmad-s-portfolio [none]
[debug] [2024-10-09T19:42:39.041Z] <<< [apiv2][status] GET https://firebase.googleapis.com/v1beta1/projects/ahmad-s-portfolio 200
[debug] [2024-10-09T19:42:39.041Z] <<< [apiv2][body] GET https://firebase.googleapis.com/v1beta1/projects/ahmad-s-portfolio {"projectId":"ahmad-s-portfolio","projectNumber":"1402760922","displayName":"ahmad's portfolio","name":"projects/ahmad-s-portfolio","resources":{"hostingSite":"ahmad-s-portfolio"},"state":"ACTIVE","etag":"1_bae436be-7951-475f-b5d6-46cf10091070"}
[info] 
[info] Your public directory is the folder (relative to your project directory) that
[info] will contain Hosting assets to be uploaded with firebase deploy. If you
[info] have a build process for your assets, use your build's output directory.
[info] 
[debug] [2024-10-09T19:43:04.935Z] >>> [apiv2][query] GET https://www.gstatic.com/firebasejs/releases.json [none]
[debug] [2024-10-09T19:43:05.169Z] <<< [apiv2][status] GET https://www.gstatic.com/firebasejs/releases.json 200
[debug] [2024-10-09T19:43:05.169Z] <<< [apiv2][body] GET https://www.gstatic.com/firebasejs/releases.json {"current":{"version":"10.14.0","browserURL":"https://www.gstatic.com/firebasejs/10.14.0/firebase.js","packageURL":"https://www.gstatic.com/firebasejs/10.14.0/firebase.tgz"},"live":{"version":"10.14","browserURL":"https://www.gstatic.com/firebasejs/live/10.14/firebase.js","packageURL":"https://www.gstatic.com/firebasejs/live/10.14/firebase.tgz"},"components":{"analytics":"https://www.gstatic.com/firebasejs/10.14.0/firebase-analytics.js","app":"https://www.gstatic.com/firebasejs/10.14.0/firebase-app.js","app-check":"https://www.gstatic.com/firebasejs/10.14.0/firebase-app-check.js","auth":"https://www.gstatic.com/firebasejs/10.14.0/firebase-auth.js","auth/cordova":"https://www.gstatic.com/firebasejs/10.14.0/firebase-auth/cordova.js","auth/web-extension":"https://www.gstatic.com/firebasejs/10.14.0/firebase-auth/web-extension.js","functions":"https://www.gstatic.com/firebasejs/10.14.0/firebase-functions.js","firestore":"https://www.gstatic.com/firebasejs/10.14.0/firebase-firestore.js","firestore/lite":"https://www.gstatic.com/firebasejs/10.14.0/firebase-firestore/lite.js","installations":"https://www.gstatic.com/firebasejs/10.14.0/firebase-installations.js","storage":"https://www.gstatic.com/firebasejs/10.14.0/firebase-storage.js","performance":"https://www.gstatic.com/firebasejs/10.14.0/firebase-performance.js","remote-config":"https://www.gstatic.com/firebasejs/10.14.0/firebase-remote-config.js","messaging":"https://www.gstatic.com/firebasejs/10.14.0/firebase-messaging.js","messaging/sw":"https://www.gstatic.com/firebasejs/10.14.0/firebase-messaging/sw.js","database":"https://www.gstatic.com/firebasejs/10.14.0/firebase-database.js","data-connect":"https://www.gstatic.com/firebasejs/10.14.0/firebase-data-connect.js","vertexai-preview":"https://www.gstatic.com/firebasejs/10.14.0/firebase-vertexai-preview.js","firestore.memory":"https://www.gstatic.com/firebasejs/10.14.0/firebase-firestore.memory.js"}}
[info] +  Wrote public/index.html 
[info] 
[info] i  Didn't detect a .git folder. Assuming C:\Users\ma791\StudioProjects\portfolio_web is the project root. 
[info] i  Authorizing with GitHub to upload your service account to a GitHub repository's secrets store. 
[info] 
[info] Visit this URL on this device to log in:
[info] https://github.com/login/oauth/authorize?client_id=89cf50f02ac6aaed3484&state=920021820&redirect_uri=http%3A%2F%2Flocalhost%3A9005&scope=read%3Auser%20repo%20public_repo
[info] 
[info] Waiting for authentication...
[debug] [2024-10-09T19:43:43.014Z] >>> [apiv2][query] POST https://github.com/login/oauth/access_token [none]
[debug] [2024-10-09T19:43:43.014Z] >>> [apiv2][body] POST https://github.com/login/oauth/access_token [stream]
[debug] [2024-10-09T19:43:43.560Z] <<< [apiv2][status] POST https://github.com/login/oauth/access_token 200
[debug] [2024-10-09T19:43:43.560Z] <<< [apiv2][body] POST https://github.com/login/oauth/access_token {"access_token":"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","token_type":"bearer","scope":"read:user,repo"}
[debug] [2024-10-09T19:43:43.566Z] >>> [apiv2][query] GET https://api.github.com/user [none]
[debug] [2024-10-09T19:43:44.195Z] <<< [apiv2][status] GET https://api.github.com/user 200
[debug] [2024-10-09T19:43:44.195Z] <<< [apiv2][body] GET https://api.github.com/user {"login":"mrahmad97","id":121793953,"node_id":"U_kgDOB0JtoQ","avatar_url":"https://avatars.githubusercontent.com/u/121793953?v=4","gravatar_id":"","url":"https://api.github.com/users/mrahmad97","html_url":"https://github.com/mrahmad97","followers_url":"https://api.github.com/users/mrahmad97/followers","following_url":"https://api.github.com/users/mrahmad97/following{/other_user}","gists_url":"https://api.github.com/users/mrahmad97/gists{/gist_id}","starred_url":"https://api.github.com/users/mrahmad97/starred{/owner}{/repo}","subscriptions_url":"https://api.github.com/users/mrahmad97/subscriptions","organizations_url":"https://api.github.com/users/mrahmad97/orgs","repos_url":"https://api.github.com/users/mrahmad97/repos","events_url":"https://api.github.com/users/mrahmad97/events{/privacy}","received_events_url":"https://api.github.com/users/mrahmad97/received_events","type":"User","site_admin":false,"name":"Muhammad Ahmad","company":"Freelance ","blog":"","location":"Kot Addu","email":null,"hireable":true,"bio":"Experienced Data Scientist & ML Expert\r\nSpecializing in:\r\n\r\nData Analysis\r\nStatistical Modeling\r\nMachine Learning Algorithms\r\nBig Data Technologies","twitter_username":"AhmadAnsari2428","notification_email":null,"public_repos":7,"public_gists":0,"followers":0,"following":1,"created_at":"2023-01-02T09:18:29Z","updated_at":"2024-10-09T19:43:20Z","private_gists":0,"total_private_repos":2,"owned_private_repos":2,"disk_usage":84651,"collaborators":1,"two_factor_authentication":false,"plan":{"name":"free","space":976562499,"collaborators":0,"private_repos":10000}}
[info] 
[info] +  Success! Logged into GitHub as mrahmad97 
[info] 
[debug] [2024-10-09T19:44:01.393Z] >>> [apiv2][query] GET https://api.github.com/repos//actions/secrets/public-key type=owner
[debug] [2024-10-09T19:44:01.848Z] <<< [apiv2][status] GET https://api.github.com/repos//actions/secrets/public-key 404
[debug] [2024-10-09T19:44:01.848Z] <<< [apiv2][body] GET https://api.github.com/repos//actions/secrets/public-key {"message":"Not Found","documentation_url":"https://docs.github.com/rest","status":"404"}
[info] 
[info] 
[error] !  The provided authorization cannot be used with this repository. If this repository is in an organization, did you remember to grant access? 
[info] 
[info] i  Action required: Visit this URL to ensure access has been granted to the appropriate organization(s) for the Firebase CLI GitHub OAuth App: 
[info] https://github.com/settings/connections/applications/89cf50f02ac6aaed3484
[info] 
[debug] [2024-10-09T19:44:35.075Z] >>> [apiv2][query] GET https://api.github.com/repos//actions/secrets/public-key type=owner
[debug] [2024-10-09T19:44:35.546Z] <<< [apiv2][status] GET https://api.github.com/repos//actions/secrets/public-key 404
[debug] [2024-10-09T19:44:35.546Z] <<< [apiv2][body] GET https://api.github.com/repos//actions/secrets/public-key {"message":"Not Found","documentation_url":"https://docs.github.com/rest","status":"404"}
[info] 
[info] 
[error] !  The provided authorization cannot be used with this repository. If this repository is in an organization, did you remember to grant access? 
[info] 
[info] i  Action required: Visit this URL to ensure access has been granted to the appropriate organization(s) for the Firebase CLI GitHub OAuth App: 
[info] https://github.com/settings/connections/applications/89cf50f02ac6aaed3484
[info] 
[debug] [2024-10-09T19:44:38.661Z] >>> [apiv2][query] GET https://api.github.com/repos/y/actions/secrets/public-key type=owner
[debug] [2024-10-09T19:44:38.972Z] <<< [apiv2][status] GET https://api.github.com/repos/y/actions/secrets/public-key 404
[debug] [2024-10-09T19:44:38.972Z] <<< [apiv2][body] GET https://api.github.com/repos/y/actions/secrets/public-key {"message":"Not Found","documentation_url":"https://docs.github.com/rest","status":"404"}
[info] 
[info] 
[error] !  The provided authorization cannot be used with this repository. If this repository is in an organization, did you remember to grant access? 
[info] 
[info] i  Action required: Visit this URL to ensure access has been granted to the appropriate organization(s) for the Firebase CLI GitHub OAuth App: 
[info] https://github.com/settings/connections/applications/89cf50f02ac6aaed3484
[info] 
